<?xml version="1.0" encoding="UTF-8"?>
<!-- Generated by org.testng.reporters.JUnitXMLReporter -->
<testsuite hostname="lovepreet" name="Test" tests="8" failures="3" timestamp="1 Jun 2020 07:11:13 GMT" time="279.212" errors="0">
  <testcase name="LoginToUrbanLadder" time="39.65" classname="TestClasses.LoginUrbanLadderTest"/>
  <testcase name="LoginToUrbanLadder" time="29.234" classname="TestClasses.LoginUrbanLadderTest">
    <failure type="junit.framework.AssertionFailedError" message="Username or email is incorrect">
      <![CDATA[junit.framework.AssertionFailedError: Username or email is incorrect
	at junit.framework.Assert.fail(Assert.java:47)
	at BaseClasses.PageBaseClass.reportFail(PageBaseClass.java:76)
	at PageClasses.ObjectSelection.Logincheck(ObjectSelection.java:29)
	at TestClasses.LoginUrbanLadderTest.LoginToUrbanLadder(LoginUrbanLadderTest.java:26)
... Removed 25 stack frames]]>
    </failure>
  </testcase> <!-- LoginToUrbanLadder -->
  <testcase name="Text" time="46.753" classname="TestClasses.SearchForBookshelveswithLogin"/>
  <testcase name="Text" time="27.564" classname="TestClasses.SearchForBookshelveswithLogin">
    <failure type="junit.framework.AssertionFailedError" message="Username or email is incorrect">
      <![CDATA[junit.framework.AssertionFailedError: Username or email is incorrect
	at junit.framework.Assert.fail(Assert.java:47)
	at BaseClasses.PageBaseClass.reportFail(PageBaseClass.java:76)
	at PageClasses.ObjectSelection.Logincheck(ObjectSelection.java:29)
	at TestClasses.SearchForBookshelveswithLogin.Text(SearchForBookshelveswithLogin.java:32)
... Removed 25 stack frames]]>
    </failure>
  </testcase> <!-- Text -->
  <testcase name="Searchwithoutlogin" time="31.072" classname="TestClasses.SearchForBookshelveswithoutLogin"/>
  <testcase name="Text" time="44.039" classname="TestClasses.SearchForChairswithLogin"/>
  <testcase name="Text" time="33.87" classname="TestClasses.SearchForChairswithLogin">
    <failure type="junit.framework.AssertionFailedError" message="Username or email is incorrect">
      <![CDATA[junit.framework.AssertionFailedError: Username or email is incorrect
	at junit.framework.Assert.fail(Assert.java:47)
	at BaseClasses.PageBaseClass.reportFail(PageBaseClass.java:76)
	at PageClasses.ObjectSelection.Logincheck(ObjectSelection.java:29)
	at TestClasses.SearchForChairswithLogin.Text(SearchForChairswithLogin.java:34)
... Removed 25 stack frames]]>
    </failure>
  </testcase> <!-- Text -->
  <testcase name="Searcchairswithoutlogin" time="24.99" classname="TestClasses.SearchForChairswithoutLogin"/>
</testsuite> <!-- Test -->
